2025-07-16 15:03:53.612 [info] [main] Log level: Info
2025-07-16 15:03:53.612 [info] [main] Validating found git in: "git"
2025-07-16 15:03:53.612 [info] [main] Using git "2.50.1" from "git"
2025-07-16 15:03:53.612 [info] [Model][doInitialScan] Initial repository scan started
2025-07-16 15:03:53.612 [info] > git rev-parse --show-toplevel [13ms]
2025-07-16 15:03:53.612 [info] fatal: not a git repository (or any parent up to mount point /)
Stopping at filesystem boundary (GIT_DISCOVERY_ACROSS_FILESYSTEM not set).
2025-07-16 15:03:53.612 [info] > git rev-parse --show-toplevel [7ms]
2025-07-16 15:03:53.612 [info] fatal: not a git repository (or any parent up to mount point /)
Stopping at filesystem boundary (GIT_DISCOVERY_ACROSS_FILESYSTEM not set).
2025-07-16 15:03:53.612 [info] > git rev-parse --show-toplevel [3ms]
2025-07-16 15:03:53.612 [info] fatal: not a git repository (or any parent up to mount point /)
Stopping at filesystem boundary (GIT_DISCOVERY_ACROSS_FILESYSTEM not set).
2025-07-16 15:03:53.612 [info] [Model][doInitialScan] Initial repository scan completed - repositories (0), closed repositories (0), parent repositories (0), unsafe repositories (0)
2025-07-16 15:03:54.097 [info] > git rev-parse --show-toplevel [2ms]
2025-07-16 15:03:54.097 [info] fatal: not a git repository (or any parent up to mount point /)
Stopping at filesystem boundary (GIT_DISCOVERY_ACROSS_FILESYSTEM not set).
2025-07-16 15:03:54.282 [info] > git rev-parse --show-toplevel [6ms]
2025-07-16 15:03:54.283 [info] fatal: not a git repository (or any parent up to mount point /)
Stopping at filesystem boundary (GIT_DISCOVERY_ACROSS_FILESYSTEM not set).
2025-07-16 15:03:54.388 [info] > git rev-parse --show-toplevel [1ms]
2025-07-16 15:03:54.389 [info] fatal: not a git repository (or any parent up to mount point /)
Stopping at filesystem boundary (GIT_DISCOVERY_ACROSS_FILESYSTEM not set).
2025-07-16 15:04:39.972 [info] > git rev-parse --show-toplevel [2ms]
2025-07-16 15:04:39.972 [info] fatal: not a git repository (or any parent up to mount point /)
Stopping at filesystem boundary (GIT_DISCOVERY_ACROSS_FILESYSTEM not set).
